#
# A fatal error has been detected by the Java Runtime Environment:
#
#  Internal Error (javaClasses.cpp:127), pid=4516, tid=2340
#  fatal error: Invalid layout of preloaded class
#
# JRE version:  (8.0_45-b15) (build )
# Java VM: Java HotSpot(TM) 64-Bit Server VM (25.45-b02 mixed mode windows-amd64 compressed oops)
# Failed to write core dump. Minidumps are not enabled by default on client versions of Windows
#
# If you would like to submit a bug report, please visit:
#   http://bugreport.java.com/bugreport/crash.jsp
#

---------------  T H R E A D  ---------------

Current thread (0x00000000023be000):  JavaThread "Unknown thread" [_thread_in_vm, id=2340, stack(0x00000000027c0000,0x00000000028c0000)]

Stack: [0x00000000027c0000,0x00000000028c0000]
Native frames: (J=compiled Java code, j=interpreted, Vv=VM code, C=native code)
V  [jvm.dll+0x32b57a]
V  [jvm.dll+0x279873]
V  [jvm.dll+0x27a509]
V  [jvm.dll+0x2717a6]
V  [jvm.dll+0x68183]
V  [jvm.dll+0x68273]
V  [jvm.dll+0x7d74a]
V  [jvm.dll+0x7dab6]
V  [jvm.dll+0xf2157]
V  [jvm.dll+0xf24e6]
V  [jvm.dll+0x20f097]
V  [jvm.dll+0x240e0a]
V  [jvm.dll+0x15ba41]
C  [javaw.exe+0x217e]
C  [javaw.exe+0xcd17]
C  [javaw.exe+0xcdab]
C  [kernel32.dll+0x159cd]
C  [ntdll.dll+0x2b981]


---------------  P R O C E S S  ---------------

Java Threads: ( => current thread )

Other Threads:

=>0x00000000023be000 (exited) JavaThread "Unknown thread" [_thread_in_vm, id=2340, stack(0x00000000027c0000,0x00000000028c0000)]

VM state:not at safepoint (not fully initialized)

VM Mutex/Monitor currently owned by a thread: None

GC Heap History (0 events):
No events

Deoptimization events (0 events):
No events

Internal exceptions (0 events):
No events

Events (10 events):
Event: 0.037 loading class java/lang/CharSequence done
Event: 0.038 loading class java/lang/String done
Event: 0.038 loading class java/lang/Class
Event: 0.038 loading class java/lang/reflect/AnnotatedElement
Event: 0.038 loading class java/lang/reflect/AnnotatedElement done
Event: 0.038 loading class java/lang/reflect/GenericDeclaration
Event: 0.038 loading class java/lang/reflect/GenericDeclaration done
Event: 0.038 loading class java/lang/reflect/Type
Event: 0.038 loading class java/lang/reflect/Type done
Event: 0.038 loading class java/lang/Class done


Dynamic libraries:
0x000000013f5e0000 - 0x000000013f617000 	C:\Program Files\Java\jre1.8.0_45\bin\javaw.exe
0x0000000076ce0000 - 0x0000000076e89000 	C:\Windows\SYSTEM32\ntdll.dll
0x0000000076bc0000 - 0x0000000076cdf000 	C:\Windows\system32\kernel32.dll
0x000007fefcdc0000 - 0x000007fefce2c000 	C:\Windows\system32\KERNELBASE.dll
0x000007fefe900000 - 0x000007fefe9db000 	C:\Windows\system32\ADVAPI32.dll
0x000007fefe6a0000 - 0x000007fefe73f000 	C:\Windows\system32\msvcrt.dll
0x000007fefce70000 - 0x000007fefce8f000 	C:\Windows\SYSTEM32\sechost.dll
0x000007fefe230000 - 0x000007fefe35d000 	C:\Windows\system32\RPCRT4.dll
0x0000000076ac0000 - 0x0000000076bba000 	C:\Windows\system32\USER32.dll
0x000007fefce90000 - 0x000007fefcef7000 	C:\Windows\system32\GDI32.dll
0x000007fefe740000 - 0x000007fefe74e000 	C:\Windows\system32\LPK.dll
0x000007fefcf00000 - 0x000007fefcfc9000 	C:\Windows\system32\USP10.dll
0x000007fefb100000 - 0x000007fefb2f4000 	C:\Windows\WinSxS\amd64_microsoft.windows.common-controls_6595b64144ccf1df_6.0.7601.18837_none_fa3b1e3d17594757\COMCTL32.dll
0x000007fefe7b0000 - 0x000007fefe821000 	C:\Windows\system32\SHLWAPI.dll
0x000007fefe830000 - 0x000007fefe85e000 	C:\Windows\system32\IMM32.DLL
0x000007fefe030000 - 0x000007fefe139000 	C:\Windows\system32\MSCTF.dll
0x0000000067120000 - 0x00000000671f2000 	C:\Program Files\Java\jre1.8.0_45\bin\msvcr100.dll
0x0000000069ec0000 - 0x000000006a743000 	C:\Program Files\Java\jre1.8.0_45\bin\server\jvm.dll
0x000007fef5940000 - 0x000007fef5949000 	C:\Windows\system32\WSOCK32.dll
0x000007fefe140000 - 0x000007fefe18d000 	C:\Windows\system32\WS2_32.dll
0x000007fefe9e0000 - 0x000007fefe9e8000 	C:\Windows\system32\NSI.dll
0x000007fefa7c0000 - 0x000007fefa7fb000 	C:\Windows\system32\WINMM.dll
0x000007fefbb80000 - 0x000007fefbb8c000 	C:\Windows\system32\VERSION.dll
0x0000000076ea0000 - 0x0000000076ea7000 	C:\Windows\system32\PSAPI.DLL
0x0000000070c70000 - 0x0000000070c7f000 	C:\Program Files\Java\jre1.8.0_45\bin\verify.dll
0x000000006fc70000 - 0x000000006fc99000 	C:\Program Files\Java\jre1.8.0_45\bin\java.dll
0x000000006ff10000 - 0x000000006ff26000 	C:\Program Files\Java\jre1.8.0_45\bin\zip.dll
0x000007fef1470000 - 0x000007fef1595000 	C:\Windows\system32\dbghelp.dll

VM Arguments:
jvm_args: -Dfile.encoding=MS950 -Xbootclasspath:C:\Users\Ivan\android-sdks\platforms\android-22\android.jar 
java_command: org.eclipse.jdt.internal.junit.runner.RemoteTestRunner -version 3 -port 50273 -testLoaderClass org.eclipse.jdt.internal.junit.runner.junit3.JUnit3TestLoader -loaderpluginname org.eclipse.jdt.junit.runtime -classNames com.example.othello.GameTest
java_class_path (initial): C:\Users\Ivan\Desktop\AI\othello\Othello\libs\android-support-v4.jar;C:\Users\Ivan\Desktop\AI\othello\Othello\bin\classes;/D:/eclipse/configuration/org.eclipse.osgi/205/0/.cp/
Launcher Type: SUN_STANDARD

Environment Variables:
PATH=C:/Program Files/Java/jre1.8.0_45/bin/server;C:/Program Files/Java/jre1.8.0_45/bin;C:/Program Files/Java/jre1.8.0_45/lib/amd64;C:\ProgramData\Oracle\Java\javapath;C:\Windows\system32;C:\Windows;C:\Windows\System32\Wbem;C:\Windows\System32\WindowsPowerShell\v1.0\;C:\Program Files (x86)\GitExtensions\;C:\Program Files\Common Files\Autodesk Shared\;C:\Program Files (x86)\Autodesk\Backburner\;C:\Program Files\Microsoft SQL Server\110\Tools\Binn\;C:\Program Files\Microsoft SQL Server\120\Tools\Binn\;C:\AppServ\Apache2.2\bin;C:\AppServ\php5;C:\AppServ\MySQL\bin;D:\eclipse;
USERNAME=Ivan
OS=Windows_NT
PROCESSOR_IDENTIFIER=Intel64 Family 6 Model 42 Stepping 7, GenuineIntel



---------------  S Y S T E M  ---------------

OS: Windows 7 , 64 bit Build 7601 (6.1.7601.18869)

CPU:total 4 (2 cores per cpu, 2 threads per core) family 6 model 42 stepping 7, cmov, cx8, fxsr, mmx, sse, sse2, sse3, ssse3, sse4.1, sse4.2, popcnt, avx, clmul, ht, tsc, tscinvbit

Memory: 4k page, physical 8296624k(5458356k free), swap 16591412k(13402228k free)

vm_info: Java HotSpot(TM) 64-Bit Server VM (25.45-b02) for windows-amd64 JRE (1.8.0_45-b15), built on Apr 30 2015 12:40:44 by "java_re" with MS VC++ 10.0 (VS2010)

time: Mon Oct 26 16:33:45 2015
elapsed time: 0 seconds (0d 0h 0m 0s)

